Digraph G {
nodeape[label="ape\n"]
nnode1[label="X",shape=point,width=.15]
nnode2[label="X",shape=point,width=.15]
nodeautophyte[label="autophyte\n"]
nodebunk[label="bunk\n"]
nnode3[label="X",shape=point,width=.15]
nnode4[label="X",shape=point,width=.15]
nodecheese[label="cheese\n"]
nodecraft[label="craft\n"]
nnode5[label="X",shape=point,width=.15]
nnode6[label="X",shape=point,width=.15]
nodedifficulty[label="difficulty\n"]
nodedoor[label="door\n"]
nnode7[label="X",shape=point,width=.15]
nnode8[label="X",shape=point,width=.15]
nodeisoetes[label="isoetes\n"]
nodejerryrig[label="jerryrig\n"]
nnode9[label="X",shape=point,width=.15]
nnode10[label="X",shape=point,width=.15]
nodelegislature[label="legislature\n"]
nodemountain[label="mountain\n"]
nnode11[label="X",shape=point,width=.15]
nnode12[label="X",shape=point,width=.15]
nodephoradendron[label="phoradendron\n"]
nodestove[label="stove\n"]
nnode13[label="X",shape=point,width=.15]
nnode14[label="X",shape=point,width=.15]
nodeunwariness[label="unwariness\n"]
nodewalloper[label="walloper\n"]
nnode15[label="X",shape=point,width=.15]
nnode16[label="X",shape=point,width=.15]
nodeape->nnode1
nodeape->nnode2
nodeautophyte->nodeape
nodeautophyte->nodebunk
nodebunk->nnode3
nodebunk->nnode4
nodecheese->nodeautophyte
nodecheese->nodedifficulty
nodecraft->nnode5
nodecraft->nnode6
nodedifficulty->nodecraft
nodedifficulty->nodedoor
nodedoor->nnode7
nodedoor->nnode8
nodeisoetes->nodecheese
nodeisoetes->nodephoradendron
nodejerryrig->nnode9
nodejerryrig->nnode10
nodelegislature->nodejerryrig
nodelegislature->nodemountain
nodemountain->nnode11
nodemountain->nnode12
nodephoradendron->nodelegislature
nodephoradendron->nodeunwariness
nodestove->nnode13
nodestove->nnode14
nodeunwariness->nodestove
nodeunwariness->nodewalloper
nodewalloper->nnode15
nodewalloper->nnode16
}
