Digraph G {
nodeautophyte[label="autophyte\n"]
nnode1[label="X",shape=point,width=.15]
nodebunk[label="bunk\n"]
nnode2[label="X",shape=point,width=.15]
nnode3[label="X",shape=point,width=.15]
nodecheese[label="cheese\n"]
nodedifficulty[label="difficulty\n"]
nnode4[label="X",shape=point,width=.15]
nnode5[label="X",shape=point,width=.15]
nodeisoetes[label="isoetes\n"]
nodelegislature[label="legislature\n"]
nnode6[label="X",shape=point,width=.15]
nnode7[label="X",shape=point,width=.15]
nodephoradendron[label="phoradendron\n"]
nodestove[label="stove\n"]
nnode8[label="X",shape=point,width=.15]
nnode9[label="X",shape=point,width=.15]
nodeunwariness[label="unwariness\n"]
nodewalloper[label="walloper\n"]
nnode10[label="X",shape=point,width=.15]
nnode11[label="X",shape=point,width=.15]
nodeautophyte->nnode1
nodeautophyte->nodebunk
nodebunk->nnode2
nodebunk->nnode3
nodecheese->nodeautophyte
nodecheese->nodedifficulty
nodedifficulty->nnode4
nodedifficulty->nnode5
nodeisoetes->nodecheese
nodeisoetes->nodephoradendron
nodelegislature->nnode6
nodelegislature->nnode7
nodephoradendron->nodelegislature
nodephoradendron->nodeunwariness
nodestove->nnode8
nodestove->nnode9
nodeunwariness->nodestove
nodeunwariness->nodewalloper
nodewalloper->nnode10
nodewalloper->nnode11
}
